<?xml version="1.0" encoding="UTF-8"?>
<!-- Generated by org.testng.reporters.JUnitReportReporter -->
<testsuite hostname="DESKTOP-665PVSU" failures="0" tests="1" name="BasicPom.Myntra" time="22.540" errors="0" timestamp="2024-01-18T09:43:29 IST" skipped="0">
  <testcase classname="BasicPom.Myntra" name="LaunchTest" time="22.540"/>
</testsuite> <!-- BasicPom.Myntra -->
