<?xml version="1.0" encoding="UTF-8"?>
<!-- Generated by org.testng.reporters.JUnitReportReporter -->
<testsuite hostname="DESKTOP-665PVSU" failures="0" tests="1" name="BasicPom.TiraTest" time="10.790" errors="0" timestamp="2024-01-18T09:56:37 IST" skipped="0">
  <testcase classname="BasicPom.TiraTest" name="PerfumeTest" time="10.790"/>
</testsuite> <!-- BasicPom.TiraTest -->
